
****************************************
Report : library
Library: cb13fs120_tsmc_max
Version: M-2016.12
Date   : Thu Sep 17 16:43:55 2020
****************************************

Library Type            : Technology
Tool Created            : 2003.06
Date Created            : 21-Jun-101 (INF CREATED ON 1-JUL-2001)
Library Version         : 1.000000
Time Unit               : 1ns

Capacitive Load Unit    : 1.000000pf
Pulling Resistance Unit : 1kilo-ohm
Voltage Unit            : 1V
Current Unit            : 1uA
Dynamic Energy Unit     : 1.000000pJ   (derived from V,C units)
Leakage Power Unit      : 1pW
Bus Naming Style        : %s[%d] (default)

Operating Conditions:


    Operating Condition Name : cb13fs120_tsmc_max
    Library : cb13fs120_tsmc_max
    Process :   1.20
    Temperature : 125.00
    Voltage :   1.08
    Interconnect Model : worst_case_tree

Input Voltages:

    No input_voltage groups specified.

Output Voltages:

    No output_voltage groups specified.

default_wire_load_capacitance:	0.000096
default_wire_load_resistance:	0.000380
default_wire_load_area:	0.010000


Wire Loading Model:

Name           :   ForQA
Location       :   cb13fs120_tsmc_max
Resistance     :   0.00038
Capacitance    :   9.6e-05
Area           :   0.01
Slope          :   15.9634
Fanout   Length   Points Average Cap Std Deviation
--------------------------------------------------------------
     1     5.88
     2    13.03
     3    20.49
     4    28.29
     5    36.45
     6    44.98
     7    53.91
     8    63.26
     9    73.05
    10    83.30
    11    94.03
    12   105.26
    13   117.01
    14   129.30
    15   142.15
    16   155.58
    17   169.61
    18   184.27
    19   199.57
    20   215.53

Name           :   8000
Location       :   cb13fs120_tsmc_max
Resistance     :   0.0003514
Capacitance    :   9e-05
Area           :   0.01
Slope          :   42.545
Fanout   Length   Points Average Cap Std Deviation
--------------------------------------------------------------
     1     9.80
     2    22.01
     3    35.15
     4    49.29
     5    64.54
     6    80.97
     7    98.68
     8   117.77
     9   138.32
    10   160.41
    11   184.15
    12   209.61
    13   236.90
    14   266.09
    15   297.29
    16   330.57
    17   366.04
    18   403.77
    19   443.86
    20   486.41

Name           :   16000
Location       :   cb13fs120_tsmc_max
Resistance     :   0.000338
Capacitance    :   8.8e-05
Area           :   0.01
Slope          :   50.2703
Fanout   Length   Points Average Cap Std Deviation
--------------------------------------------------------------
     1    10.61
     2    23.92
     3    38.32
     4    53.92
     5    70.83
     6    89.18
     7   109.07
     8   130.62
     9   153.93
    10   179.13
    11   206.33
    12   235.64
    13   267.17
    14   301.04
    15   337.36
    16   376.24
    17   417.80
    18   462.15
    19   509.40
    20   559.67

Name           :   35000
Location       :   cb13fs120_tsmc_max
Resistance     :   0.000331
Capacitance    :   8.6e-05
Area           :   0.01
Slope          :   63.5539
Fanout   Length   Points Average Cap Std Deviation
--------------------------------------------------------------
     1    11.85
     2    26.83
     3    43.19
     4    61.08
     5    80.65
     6   102.07
     7   125.49
     8   151.06
     9   178.94
    10   209.29
    11   242.26
    12   278.00
    13   316.68
    14   358.45
    15   403.45
    16   451.86
    17   503.82
    18   559.48
    19   619.02
    20   682.57

Name           :   70000
Location       :   cb13fs120_tsmc_max
Resistance     :   0.000331
Capacitance    :   8.6e-05
Area           :   0.01
Slope          :   76.2884
Fanout   Length   Points Average Cap Std Deviation
--------------------------------------------------------------
     1    12.89
     2    29.30
     3    47.35
     4    67.25
     5    89.18
     6   113.36
     7   139.98
     8   169.23
     9   201.31
    10   236.42
    11   274.76
    12   316.52
    13   361.91
    14   411.12
    15   464.35
    16   521.79
    17   583.65
    18   650.12
    19   721.40
    20   797.69

Name           :   140000
Location       :   cb13fs120_tsmc_max
Resistance     :   0.000331
Capacitance    :   8.6e-05
Area           :   0.01
Slope          :   93.7215
Fanout   Length   Points Average Cap Std Deviation
--------------------------------------------------------------
     1    14.15
     2    32.31
     3    52.48
     4    74.91
     5    99.86
     6   127.60
     7   158.37
     8   192.44
     9   230.06
    10   271.50
    11   317.00
    12   366.83
    13   421.25
    14   480.50
    15   544.86
    16   614.57
    17   689.90
    18   771.11
    19   858.44
    20   952.16

Name           :   280000
Location       :   cb13fs120_tsmc_max
Resistance     :   0.000331
Capacitance    :   8.6e-05
Area           :   0.01
Slope          :   115.452
Fanout   Length   Points Average Cap Std Deviation
--------------------------------------------------------------
     1    15.53
     2    35.64
     3    58.19
     4    83.53
     5   111.99
     6   143.90
     7   179.60
     8   219.43
     9   263.71
    10   312.79
    11   366.99
    12   426.66
    13   492.13
    14   563.74
    15   641.81
    16   726.69
    17   818.72
    18   918.21
    19  1025.52
    20  1140.97

Name           :   540000
Location       :   cb13fs120_tsmc_max
Resistance     :   0.000331
Capacitance    :   8.6e-05
Area           :   0.01
Slope          :   142.414
Fanout   Length   Points Average Cap Std Deviation
--------------------------------------------------------------
     1    17.03
     2    39.30
     3    64.55
     4    93.21
     5   125.73
     6   162.53
     7   204.06
     8   250.74
     9   303.00
    10   361.29
    11   426.04
    12   497.68
    13   576.64
    14   663.37
    15   758.29
    16   861.84
    17   974.46
    18  1096.57
    19  1228.62
    20  1371.03

Name           :   1000000
Location       :   cb13fs120_tsmc_max
Resistance     :   0.000331
Capacitance    :   8.6e-05
Area           :   0.01
Slope          :   170.996
Fanout   Length   Points Average Cap Std Deviation
--------------------------------------------------------------
     1    18.44
     2    42.77
     3    70.64
     4   102.58
     5   139.15
     6   180.88
     7   228.32
     8   282.00
     9   342.48
    10   410.29
    11   485.98
    12   570.09
    13   663.16
    14   765.74
    15   878.36
    16  1001.57
    17  1135.91
    18  1281.93
    19  1440.17
    20  1611.17

Name           :   2000000
Location       :   cb13fs120_tsmc_max
Resistance     :   0.000331
Capacitance    :   8.6e-05
Area           :   0.01
Slope          :   213.91
Fanout   Length   Points Average Cap Std Deviation
--------------------------------------------------------------
     1    20.31
     2    47.42
     3    78.88
     4   115.41
     5   157.69
     6   206.46
     7   262.41
     8   326.25
     9   398.70
    10   480.47
    11   572.25
    12   674.77
    13   788.73
    14   914.85
    15  1053.82
    16  1206.36
    17  1373.18
    18  1554.98
    19  1752.49
    20  1966.39

Name           :   4000000
Location       :   cb13fs120_tsmc_max
Resistance     :   0.000331
Capacitance    :   8.6e-05
Area           :   0.01
Slope          :   266.705
Fanout   Length   Points Average Cap Std Deviation
--------------------------------------------------------------
     1    22.32
     2    52.49
     3    87.98
     4   129.72
     5   178.62
     6   235.60
     7   301.59
     8   377.49
     9   464.24
    10   562.75
    11   673.94
    12   798.74
    13   938.05
    14  1092.80
    15  1263.92
    16  1452.31
    17  1658.90
    18  1884.61
    19  2130.35
    20  2397.06

Name           :   8000000
Location       :   cb13fs120_tsmc_max
Resistance     :   0.000331
Capacitance    :   8.6e-05
Area           :   0.01
Slope          :   334.957
Fanout   Length   Points Average Cap Std Deviation
--------------------------------------------------------------
     1    24.58
     2    58.28
     3    98.54
     4   146.54
     5   203.50
     6   270.60
     7   349.05
     8   440.04
     9   544.77
    10   664.44
    11   800.24
    12   953.39
    13  1125.06
    14  1316.47
    15  1528.81
    16  1763.27
    17  2021.06
    18  2303.38
    19  2611.42
    20  2946.37

Name           :   tcForQA
Location       :   cb13fs120_tsmc_max
Resistance     :   0.00038
Capacitance    :   9.6e-05
Area           :   3.65238
Slope          :   15.9634
Fanout   Length   Points Average Cap Std Deviation
--------------------------------------------------------------
     1     5.88
     2    13.03
     3    20.49
     4    28.29
     5    36.45
     6    44.98
     7    53.91
     8    63.26
     9    73.05
    10    83.30
    11    94.03
    12   105.26
    13   117.01
    14   129.30
    15   142.15
    16   155.58
    17   169.61
    18   184.27
    19   199.57
    20   215.53

Name           :   tc8000
Location       :   cb13fs120_tsmc_max
Resistance     :   0.0003514
Capacitance    :   9e-05
Area           :   0.632381
Slope          :   42.545
Fanout   Length   Points Average Cap Std Deviation
--------------------------------------------------------------
     1     9.80
     2    22.01
     3    35.15
     4    49.29
     5    64.54
     6    80.97
     7    98.68
     8   117.77
     9   138.32
    10   160.41
    11   184.15
    12   209.61
    13   236.90
    14   266.09
    15   297.29
    16   330.57
    17   366.04
    18   403.77
    19   443.86
    20   486.41

Name           :   tc16000
Location       :   cb13fs120_tsmc_max
Resistance     :   0.000338
Capacitance    :   8.8e-05
Area           :   0.44744
Slope          :   50.2703
Fanout   Length   Points Average Cap Std Deviation
--------------------------------------------------------------
     1    10.61
     2    23.92
     3    38.32
     4    53.92
     5    70.83
     6    89.18
     7   109.07
     8   130.62
     9   153.93
    10   179.13
    11   206.33
    12   235.64
    13   267.17
    14   301.04
    15   337.36
    16   376.24
    17   417.80
    18   462.15
    19   509.40
    20   559.67

Name           :   tc35000
Location       :   cb13fs120_tsmc_max
Resistance     :   0.000331
Capacitance    :   8.6e-05
Area           :   0.274827
Slope          :   63.5539
Fanout   Length   Points Average Cap Std Deviation
--------------------------------------------------------------
     1    11.85
     2    26.83
     3    43.19
     4    61.08
     5    80.65
     6   102.07
     7   125.49
     8   151.06
     9   178.94
    10   209.29
    11   242.26
    12   278.00
    13   316.68
    14   358.45
    15   403.45
    16   451.86
    17   503.82
    18   559.48
    19   619.02
    20   682.57

Name           :   tc70000
Location       :   cb13fs120_tsmc_max
Resistance     :   0.000331
Capacitance    :   8.6e-05
Area           :   0.21
Slope          :   76.2884
Fanout   Length   Points Average Cap Std Deviation
--------------------------------------------------------------
     1    12.89
     2    29.30
     3    47.35
     4    67.25
     5    89.18
     6   113.36
     7   139.98
     8   169.23
     9   201.31
    10   236.42
    11   274.76
    12   316.52
    13   361.91
    14   411.12
    15   464.35
    16   521.79
    17   583.65
    18   650.12
    19   721.40
    20   797.69

Name           :   tc140000
Location       :   cb13fs120_tsmc_max
Resistance     :   0.000331
Capacitance    :   8.6e-05
Area           :   0.15
Slope          :   93.7215
Fanout   Length   Points Average Cap Std Deviation
--------------------------------------------------------------
     1    14.15
     2    32.31
     3    52.48
     4    74.91
     5    99.86
     6   127.60
     7   158.37
     8   192.44
     9   230.06
    10   271.50
    11   317.00
    12   366.83
    13   421.25
    14   480.50
    15   544.86
    16   614.57
    17   689.90
    18   771.11
    19   858.44
    20   952.16

Name           :   tc280000
Location       :   cb13fs120_tsmc_max
Resistance     :   0.000331
Capacitance    :   8.6e-05
Area           :   0.1
Slope          :   115.452
Fanout   Length   Points Average Cap Std Deviation
--------------------------------------------------------------
     1    15.53
     2    35.64
     3    58.19
     4    83.53
     5   111.99
     6   143.90
     7   179.60
     8   219.43
     9   263.71
    10   312.79
    11   366.99
    12   426.66
    13   492.13
    14   563.74
    15   641.81
    16   726.69
    17   818.72
    18   918.21
    19  1025.52
    20  1140.97

Name           :   tc540000
Location       :   cb13fs120_tsmc_max
Resistance     :   0.000331
Capacitance    :   8.6e-05
Area           :   0.07
Slope          :   142.414
Fanout   Length   Points Average Cap Std Deviation
--------------------------------------------------------------
     1    17.03
     2    39.30
     3    64.55
     4    93.21
     5   125.73
     6   162.53
     7   204.06
     8   250.74
     9   303.00
    10   361.29
    11   426.04
    12   497.68
    13   576.64
    14   663.37
    15   758.29
    16   861.84
    17   974.46
    18  1096.57
    19  1228.62
    20  1371.03

Name           :   tc1000000
Location       :   cb13fs120_tsmc_max
Resistance     :   0.000331
Capacitance    :   8.6e-05
Area           :   0.05
Slope          :   170.996
Fanout   Length   Points Average Cap Std Deviation
--------------------------------------------------------------
     1    18.44
     2    42.77
     3    70.64
     4   102.58
     5   139.15
     6   180.88
     7   228.32
     8   282.00
     9   342.48
    10   410.29
    11   485.98
    12   570.09
    13   663.16
    14   765.74
    15   878.36
    16  1001.57
    17  1135.91
    18  1281.93
    19  1440.17
    20  1611.17

Name           :   tc2000000
Location       :   cb13fs120_tsmc_max
Resistance     :   0.000331
Capacitance    :   8.6e-05
Area           :   0.04
Slope          :   213.91
Fanout   Length   Points Average Cap Std Deviation
--------------------------------------------------------------
     1    20.31
     2    47.42
     3    78.88
     4   115.41
     5   157.69
     6   206.46
     7   262.41
     8   326.25
     9   398.70
    10   480.47
    11   572.25
    12   674.77
    13   788.73
    14   914.85
    15  1053.82
    16  1206.36
    17  1373.18
    18  1554.98
    19  1752.49
    20  1966.39

Name           :   tc4000000
Location       :   cb13fs120_tsmc_max
Resistance     :   0.000331
Capacitance    :   8.6e-05
Area           :   0.02
Slope          :   266.705
Fanout   Length   Points Average Cap Std Deviation
--------------------------------------------------------------
     1    22.32
     2    52.49
     3    87.98
     4   129.72
     5   178.62
     6   235.60
     7   301.59
     8   377.49
     9   464.24
    10   562.75
    11   673.94
    12   798.74
    13   938.05
    14  1092.80
    15  1263.92
    16  1452.31
    17  1658.90
    18  1884.61
    19  2130.35
    20  2397.06

Name           :   tc8000000
Location       :   cb13fs120_tsmc_max
Resistance     :   0.000331
Capacitance    :   8.6e-05
Area           :   0.02
Slope          :   334.957
Fanout   Length   Points Average Cap Std Deviation
--------------------------------------------------------------
     1    24.58
     2    58.28
     3    98.54
     4   146.54
     5   203.50
     6   270.60
     7   349.05
     8   440.04
     9   544.77
    10   664.44
    11   800.24
    12   953.39
    13  1125.06
    14  1316.47
    15  1528.81
    16  1763.27
    17  2021.06
    18  2303.38
    19  2611.42
    20  2946.37


Wire Loading Model Selection Group:

   Name           : predcaps

        Selection             Wire load name
    min area   max area
   -------------------------------------------
        0.00     200.00          ForQA
      200.00    8000.00          8000
     8000.00   16000.00          16000
    16000.00   35000.00          35000
    35000.00   70000.00          70000
    70000.00   140000.00         140000
    140000.00  280000.00         280000
    280000.00  540000.00         540000
    540000.00  1000000.00        1000000
    1000000.00 2000000.00        2000000
    2000000.00 4000000.00        4000000
    4000000.00 8000000.00        8000000


Wire Loading Model Mode: enclosed.


Wire Loading Model Selection Group: predcaps.

Porosity information:

Routing Layers:

	   "metal1"   "metal2"   "metal3"   "metal4"   "metal5"   "metal6"   "metal7"   "metal8"

default_min_porosity:	0.000000


In_place optimization mode:  match_footprint

Timing Ranges:

    No timing ranges specified.


Delay Threshold Trip-Points:

	input_threshold_pct_rise:	50
	output_threshold_pct_rise:	50
	input_threshold_pct_fall:	50
	output_threshold_pct_fall:	50


Slew Threshold Trip-Points:

	slew_lower_threshold_pct_rise:	20
	slew_upper_threshold_pct_rise:	80
	slew_lower_threshold_pct_fall:	20
	slew_upper_threshold_pct_fall:	80

	slew_derate_from_library:	0.6


Components:

    Attributes:
       af - active falling
       ah - active high
       al - active low
       ar - active rising
        b - black box (function unknown)
       ce - clock enable
       cg - clock gating integrated cell
    short - has shorted pin
       ub - unbuffered
      pgt - pass gate
      ctl - has CTL test model
        d - dont_touch
      iso - isolation cell
  clk_iso - clock isolation cell
       ls - level shifter
      dls - differential level shifter
       mo - map_only
     1p0g - power only, no ground
     0p1g - ground only, no power
     0p0g - no power/ground
        p - preferred
      pad - pad cell
       hp - hold_preferred
     pwrg - power gating cell
        r - removable
        s - statetable
      sa0 - dont_fault stuck-at-0
      sa1 - dont_fault stuck-at-1
     sa01 - dont_fault both stuck-at-0 and stuck-at-1
       sz - use_for_size_only
      soi - silicon on insulator
        t - test cell. t(scan_type) as
          t(mux_ff) - muxed flip-flop
          t(mux_ld) - muxed latch
          t(clk_scan) - clocked scan
          t(clk_scan_ld) - clocked scan latch
          t(lssd_dld) - double latch LSSD
          t(lssd_sld) - single latch LSSD
          t(lssd_clk) - clocked LSSD
          t(lssd_auxclk) - auxiliary clock LSSD
          t(lssd_se) - scan enabled LSSD
        u - dont_use
      udp - usable for datapath generators
      ufc - user_function_class. ufc(type) as
          ufc(u) - user-defined
          ufc(a) - automatically generated
      ccs - composite current source
    c_ccs - compact ccs timing modeling
     ccsn - ccs noise data modeling
     ccsp - ccs power data modeling
     recv - receiver model
      lvf - lvf modeling
      imc - macro cell 
switch_cg - switch cell (coarse grain)
      ret - retention cell
 ret(zpr) - zero pin retention cell
       ao - always on cell
     gicg - generic integrated clock gating
       va - variation-aware ccs timing modeling
      val - variation-aware ccs leakage power modeling
      fil - filler cell
      tap - tap cell
    decap - decap cell
      pll - pll cell
      mem - memory cell
      adt - antenna diode type. adt(type) as
          adt(pg) - power_and_ground
          adt(p) - power
          adt(g) - ground


Pin Attributes:
       ao - always on pin
      lse - level shifter enable pin
     isoe - isolation cell enable pin
     scmr - standard cell main rail
    short - shorted pin


   Cell                Footprint    Attributes
   -------------------------------------------
   ad01d0              "ad01_5"         r
   ad01d1              "ad01_5"         r
   ad01d2              "ad01_6"         r
   ad01d4              "ad01_7"         r
   adiode              "adiode_1"       b, d, u
   adp1d0              "adp1_7"         r, udp
   adp1d1              "adp1_7"         r, udp
   adp1d2              "adp1_8"         r, udp
   adp1d4              "adp1_10"        r, udp
   ah01d0              "ah01_3"         r
   ah01d1              "ah01_3"         r
   ah01d2              "ah01_4"         r
   ah01d4              "ah01_5"         r
   an02d0              "an02_1"         
   an02d1              "an02_1"         
   an02d2              "an02_2"         
   an02d4              "an02_2"         
   an02d7              "an02_3"         
   an02da              "an02_4"         
   an03d0              "an03_2"         
   an03d1              "an03_2"         
   an03d2              "an03_2"         
   an03d4              "an03_3"         
   an03d7              "an03_3"         
   an03da              "an03_4"         
   an04d0              "an04_2"         
   an04d1              "an04_2"         
   an04d2              "an04_2"         
   an04d4              "an04_3"         
   an04d7              "an04_4"         
   an04da              "an04_4"         
   an12d1              "an12_2"         
   an12d2              "an12_2"         
   an12d4              "an12_3"         
   aoi21d1             "aoi21_2"        
   aoi21d2             "aoi21_3"        
   aoi21d4             "aoi21_3"        
   aoi22d1             "aoi22_3"        
   aoi22d2             "aoi22_3"        
   aoi22d4             "aoi22_4"        
   aoi31d1             "aoi31_3"        
   aoi31d2             "aoi31_3"        
   aoi31d4             "aoi31_4"        
   aoi211d1            "aoi211_3"       
   aoi211d2            "aoi211_3"       
   aoi211d4            "aoi211_3"       
   aoi221d1            "aoi221_3"       
   aoi221d2            "aoi221_4"       
   aoi221d4            "aoi221_4"       
   aoi222d1            "aoi222_3"       
   aoi222d2            "aoi222_4"       
   aoi222d4            "aoi222_4"       
   aoi311d1            "aoi311_3"       
   aoi311d2            "aoi311_3"       
   aoi311d4            "aoi311_4"       
   aoi321d1            "aoi321_4"       
   aoi321d2            "aoi321_4"       
   aoi321d4            "aoi321_4"       
   aoi322d1            "aoi322_4"       
   aoi322d2            "aoi322_4"       
   aoi322d4            "aoi322_5"       
   aoi2222d1           "aoi2222_5"      
   aoi2222d2           "aoi2222_5"      
   aoi2222d4           "aoi2222_6"      
   aoim2m11d1          "aoim2m11_4"     
   aoim2m11d2          "aoim2m11_4"     
   aoim2m11d4          "aoim2m11_4"     
   aoim3m11d1          "aoim3m11_4"     
   aoim3m11d2          "aoim3m11_4"     
   aoim3m11d4          "aoim3m11_5"     
   aoim21d1            "aoim21_3"       
   aoim21d2            "aoim21_3"       
   aoim21d4            "aoim21_3"       
   aoim22d1            "aoim22_2"       
   aoim22d2            "aoim22_3"       
   aoim22d4            "aoim22_3"       
   aoim31d1            "aoim31_3"       
   aoim31d2            "aoim31_3"       
   aoim31d4            "aoim31_4"       
   aoim211d1           "aoim211_3"      
   aoim211d2           "aoim211_3"      
   aoim211d4           "aoim211_4"      
   aoim311d1           "aoim311_3"      
   aoim311d2           "aoim311_4"      
   aoim311d4           "aoim311_4"      
   aon211d1            "aon211_3"       
   aon211d2            "aon211_3"       
   aon211d4            "aon211_4"       
   aor21d1             "aor21_2"        
   aor21d2             "aor21_2"        
   aor21d4             "aor21_3"        
   aor22d1             "aor22_2"        
   aor22d2             "aor22_3"        
   aor22d4             "aor22_3"        
   aor31d1             "aor31_2"        
   aor31d2             "aor31_2"        
   aor31d4             "aor31_3"        
   aor211d1            "aor211_2"       
   aor211d2            "aor211_3"       
   aor211d4            "aor211_3"       
   aor221d1            "aor221_3"       
   aor221d2            "aor221_3"       
   aor221d4            "aor221_4"       
   aor222d1            "aor222_3"       
   aor222d2            "aor222_4"       
   aor222d4            "aor222_4"       
   aor311d1            "aor311_2"       
   aor311d2            "aor311_3"       
   aor311d4            "aor311_3"       
   bh01d1              "bh01_1"         b, d, u
   bufbd1              "bufb_1"         
   bufbd2              "bufb_1"         
   bufbd3              "bufb_2"         
   bufbd4              "bufb_2"         
   bufbd7              "bufb_3"         
   bufbda              "bufb_4"         
   bufbdf              "bufbdf_5"       
   bufbdk              "bufbdk_6"       
   buffd1              "buff_1"         
   buffd2              "buff_1"         
   buffd3              "buff_2"         
   buffd4              "buff_2"         
   buffd7              "buff_3"         
   buffda              "buff_4"         
   buftd1              "buft_3"         
   buftd2              "buft_3"         
   buftd4              "buft_3"         
   buftd7              "buft_4"         
   buftda              "buft_5"         
   cg01d0              "cg01_2"         
   cg01d1              "cg01_2"         
   cg01d2              "cg01_3"         
   cg01d4              "cg01_3"         
   clk2d2              "clk2_6"         
   cload1              "cloa_1"         b, d, u
   decfq1              "decfq_8"        s
   decfq2              "decfq_9"        s
   decfq4              "decfq_9"        s
   decrq1              "decrq_8"        s
   decrq2              "decrq_9"        s
   decrq4              "decrq_9"        s
   denrq1              "denrq_7"        s
   denrq2              "denrq_8"        s
   denrq4              "denrq_8"        s
   depfq1              "depfq_8"        s
   depfq2              "depfq_8"        s
   depfq4              "depfq_9"        s
   deprq1              "deprq_8"        s
   deprq2              "deprq_8"        s
   deprq4              "deprq_9"        s
   dfbfb1              "dfbfb_7"        s
   dfbfb2              "dfbfb_8"        s
   dfbfb4              "dfbfb_9"        s
   dfbrb1              "dfbrb_7"        s
   dfbrb2              "dfbrb_7"        s
   dfbrb4              "dfbrb_9"        s
   dfcfb1              "dfcfb_6"        s
   dfcfb2              "dfcfb_7"        s
   dfcfb4              "dfcfb_8"        s
   dfcfq1              "dfcfq_6"        s
   dfcfq2              "dfcfq_6"        s
   dfcfq4              "dfcfq_6"        s
   dfcrb1              "dfcrb_6"        s
   dfcrb2              "dfcrb_7"        s
   dfcrb4              "dfcrb_8"        s
   dfcrn1              "dfcrn_6"        s
   dfcrn2              "dfcrn_6"        s
   dfcrn4              "dfcrn_6"        s
   dfcrq1              "dfcrq_6"        s
   dfcrq2              "dfcrq_6"        s
   dfcrq4              "dfcrq_6"        s
   dfnfb1              "dfnfb_6"        s
   dfnfb2              "dfnfb_6"        s
   dfnfb4              "dfnfb_7"        s
   dfnrb1              "dfnrb_6"        s
   dfnrb2              "dfnrb_6"        s
   dfnrb4              "dfnrb_7"        s
   dfnrn1              "dfnrn_5"        s
   dfnrn2              "dfnrn_6"        s
   dfnrn4              "dfnrn_6"        s
   dfnrq1              "dfnrq_5"        s
   dfnrq2              "dfnrq_6"        s
   dfnrq4              "dfnrq_6"        s
   dfpfb1              "dfpfb_7"        s
   dfpfb2              "dfpfb_7"        s
   dfpfb4              "dfpfb_8"        s
   dfprb1              "dfprb_7"        s
   dfprb2              "dfprb_7"        s
   dfprb4              "dfprb_8"        s
   dl01d1              "dl01_2"         
   dl01d2              "dl01_2"         
   dl01d4              "dl01_3"         
   dl02d1              "dl02_2"         
   dl02d2              "dl02_3"         
   dl02d4              "dl02_3"         
   dl03d1              "dl03_4"         
   dl03d2              "dl03_4"         
   dl03d4              "dl03_5"         
   dl04d1              "dl04_4"         
   dl04d2              "dl04_5"         
   dl04d4              "dl04_5"         
   gclfsn1             "gclfsn_5"       b, d, s, u, cg
   gclfsn2             "gclfsn_5"       b, d, s, u, cg
   gclfsn4             "gclfsn_6"       b, d, s, u, cg
   gclfsn7             "gclfsn_7"       b, d, s, u, cg
   gclfsna             "gclfsn_8"       b, d, s, u, cg
   gclrsn1             "gclrsn_5"       b, d, s, u, cg
   gclrsn2             "gclrsn_6"       b, d, s, u, cg
   gclrsn4             "gclrsn_6"       b, d, s, u, cg
   gclrsn7             "gclrsn_7"       b, d, s, u, cg
   gclrsna             "gclrsn_8"       b, d, s, u, cg
   gcnfnn1             "gcnfnn_1"       d, u, cg
   gcnfnn2             "gcnfnn_2"       d, u, cg
   gcnfnn4             "gcnfnn_2"       d, u, cg
   gcnfnn7             "gcnfnn_3"       d, u, cg
   gcnfnna             "gcnfnn_4"       d, u, cg
   gcnrnn1             "gcnrnn_2"       d, u, cg
   gcnrnn2             "gcnrnn_2"       d, u, cg
   gcnrnn4             "gcnrnn_3"       d, u, cg
   gcnrnn7             "gcnrnn_3"       d, u, cg
   gcnrnna             "gcnrnn_4"       d, u, cg
   inv0d0              "inv0_1"         
   inv0d1              "inv0_1"         
   inv0d2              "inv0_1"         
   inv0d4              "inv0_2"         
   inv0d7              "inv0_2"         
   inv0da              "inv0_3"         
   invbd2              "invb_1"         
   invbd4              "invb_2"         
   invbd7              "invb_2"         
   invbda              "invb_3"         
   invbdf              "invbdf_4"       
   invbdk              "invbdk_6"       
   invtd1              "invt_2"         
   invtd2              "invt_3"         
   invtd4              "invt_4"         
   invtd7              "invt_5"         
   invtda              "invt_6"         
   jkbrb1              "jkbrb_9"        s
   jkbrb2              "jkbrb_9"        s
   jkbrb4              "jkbrb_11"       s
   labhb1              "labhb_6"        s
   labhb2              "labhb_7"        s
   labhb4              "labhb_8"        s
   lachq1              "lachq_4"        s
   lachq2              "lachq_5"        s
   lachq4              "lachq_5"        s
   laclq1              "laclq_4"        s
   laclq2              "laclq_5"        s
   laclq4              "laclq_5"        s
   lanhb1              "lanhb_4"        s
   lanhb2              "lanhb_5"        s
   lanhb4              "lanhb_6"        s
   lanhn1              "lanhn_4"        s
   lanhn2              "lanhn_4"        s
   lanhn4              "lanhn_5"        s
   lanhq1              "lanhq_4"        s
   lanhq2              "lanhq_4"        s
   lanhq4              "lanhq_4"        s
   lanht1              "lanht_5"        s
   lanht2              "lanht_6"        s
   lanht4              "lanht_6"        s
   lanlb1              "lanlb_4"        s
   lanlb2              "lanlb_5"        s
   lanlb4              "lanlb_6"        s
   lanln1              "lanln_4"        s
   lanln2              "lanln_4"        s
   lanln4              "lanln_5"        s
   lanlq1              "lanlq_4"        s
   lanlq2              "lanlq_4"        s
   lanlq4              "lanlq_5"        s
   mffnrb1             "mffnrb_8"       s
   mffnrb2             "mffnrb_8"       s
   mffnrb4             "mffnrb_9"       s
   mi02d0              "mi02_3"         
   mi02d1              "mi02_3"         
   mi02d2              "mi02_3"         
   mi02d4              "mi02_4"         
   mx02d0              "mx02_2"         
   mx02d1              "mx02_2"         
   mx02d2              "mx02_3"         
   mx02d4              "mx02_3"         
   mx04d0              "mx04_5"         
   mx04d1              "mx04_6"         
   mx04d2              "mx04_6"         
   mx04d4              "mx04_7"         
   mx08d1              "mx08_9"         
   mx08d2              "mx08_10"        
   mx08d4              "mx08_10"        
   nd02d0              "nd02_1"         
   nd02d1              "nd02_1"         
   nd02d2              "nd02_2"         
   nd02d4              "nd02_3"         
   nd02d7              "nd02_4"         
   nd02da              "nd02_4"         
   nd03d0              "nd03_1"         
   nd03d1              "nd03_2"         
   nd03d2              "nd03_2"         
   nd03d4              "nd03_3"         
   nd03d7              "nd03_4"         
   nd03da              "nd03_5"         
   nd04d0              "nd04_2"         
   nd04d1              "nd04_3"         
   nd04d2              "nd04_3"         
   nd04d4              "nd04_4"         
   nd04d7              "nd04_4"         
   nd04da              "nd04_5"         
   nd12d0              "nd12_1"         
   nd12d1              "nd12_2"         
   nd12d2              "nd12_2"         
   nd12d4              "nd12_3"         
   nd13d1              "nd13_3"         
   nd13d2              "nd13_3"         
   nd13d4              "nd13_4"         
   nd23d1              "nd23_2"         
   nd23d2              "nd23_3"         
   nd23d4              "nd23_3"         
   nr02d0              "nr02_1"         
   nr02d1              "nr02_2"         
   nr02d2              "nr02_2"         
   nr02d4              "nr02_3"         
   nr02d7              "nr02_4"         
   nr02da              "nr02_4"         
   nr03d0              "nr03_1"         
   nr03d1              "nr03_2"         
   nr03d2              "nr03_3"         
   nr03d4              "nr03_3"         
   nr03d7              "nr03_4"         
   nr03da              "nr03_5"         
   nr04d0              "nr04_2"         
   nr04d1              "nr04_3"         
   nr04d2              "nr04_3"         
   nr04d4              "nr04_3"         
   nr04d7              "nr04_4"         
   nr04da              "nr04_5"         
   nr13d1              "nr13_3"         
   nr13d2              "nr13_3"         
   nr13d4              "nr13_4"         
   nr23d1              "nr23_2"         
   nr23d2              "nr23_3"         
   nr23d4              "nr23_3"         
   oai21d1             "oai21_2"        
   oai21d2             "oai21_3"        
   oai21d4             "oai21_3"        
   oai22d1             "oai22_3"        
   oai22d2             "oai22_3"        
   oai22d4             "oai22_4"        
   oai31d1             "oai31_3"        
   oai31d2             "oai31_3"        
   oai31d4             "oai31_3"        
   oai211d1            "oai211_3"       
   oai211d2            "oai211_3"       
   oai211d4            "oai211_3"       
   oai221d1            "oai221_3"       
   oai221d2            "oai221_3"       
   oai221d4            "oai221_4"       
   oai222d1            "oai222_4"       
   oai222d2            "oai222_4"       
   oai222d4            "oai222_4"       
   oai311d1            "oai311_3"       
   oai311d2            "oai311_3"       
   oai311d4            "oai311_4"       
   oai321d1            "oai321_3"       
   oai321d2            "oai321_4"       
   oai321d4            "oai321_4"       
   oai322d1            "oai322_4"       
   oai322d2            "oai322_4"       
   oai322d4            "oai322_4"       
   oai2222d1           "oai2222_5"      
   oai2222d2           "oai2222_5"      
   oai2222d4           "oai2222_5"      
   oaim2m11d1          "oaim2m11_4"     
   oaim2m11d2          "oaim2m11_4"     
   oaim2m11d4          "oaim2m11_4"     
   oaim3m11d1          "oaim3m11_4"     
   oaim3m11d2          "oaim3m11_4"     
   oaim3m11d4          "oaim3m11_5"     
   oaim21d1            "oaim21_3"       
   oaim21d2            "oaim21_3"       
   oaim21d4            "oaim21_4"       
   oaim22d1            "oaim22_3"       
   oaim22d2            "oaim22_3"       
   oaim22d4            "oaim22_4"       
   oaim31d1            "oaim31_3"       
   oaim31d2            "oaim31_3"       
   oaim31d4            "oaim31_4"       
   oaim211d1           "oaim211_3"      
   oaim211d2           "oaim211_3"      
   oaim211d4           "oaim211_4"      
   oaim311d1           "oaim311_3"      
   oaim311d2           "oaim311_4"      
   oaim311d4           "oaim311_4"      
   oan211d1            "oan211_3"       
   oan211d2            "oan211_3"       
   oan211d4            "oan211_3"       
   or02d0              "or02_1"         
   or02d1              "or02_1"         
   or02d2              "or02_2"         
   or02d4              "or02_2"         
   or02d7              "or02_3"         
   or02da              "or02_4"         
   or03d0              "or03_2"         
   or03d1              "or03_2"         
   or03d2              "or03_2"         
   or03d4              "or03_3"         
   or03d7              "or03_3"         
   or03da              "or03_4"         
   or04d0              "or04_2"         
   or04d1              "or04_2"         
   or04d2              "or04_2"         
   or04d4              "or04_3"         
   or04d7              "or04_4"         
   or04da              "or04_4"         
   ora21d1             "ora21_2"        
   ora21d2             "ora21_2"        
   ora21d4             "ora21_3"        
   ora31d1             "ora31_2"        
   ora31d2             "ora31_2"        
   ora31d4             "ora31_3"        
   ora211d1            "ora211_2"       
   ora211d2            "ora211_3"       
   ora211d4            "ora211_3"       
   ora311d1            "ora311_2"       
   ora311d2            "ora311_3"       
   ora311d4            "ora311_3"       
   sdbfb1              "sdbfb_9"        s, t(mux_ff)
   sdbfb2              "sdbfb_10"       s, t(mux_ff)
   sdbfb4              "sdbfb_11"       s, t(mux_ff)
   sdbrb1              "sdbrb_9"        s, t(mux_ff)
   sdbrb2              "sdbrb_10"       s, t(mux_ff)
   sdbrb4              "sdbrb_11"       s, t(mux_ff)
   sdcfb1              "sdcfb_8"        s, t(mux_ff)
   sdcfb2              "sdcfb_9"        s, t(mux_ff)
   sdcfb4              "sdcfb_10"       s, t(mux_ff)
   sdcfq1              "sdcfq_8"        s, t(mux_ff)
   sdcfq2              "sdcfq_8"        s, t(mux_ff)
   sdcfq4              "sdcfq_8"        s, t(mux_ff)
   sdcrb1              "sdcrb_8"        s, t(mux_ff)
   sdcrb2              "sdcrb_9"        s, t(mux_ff)
   sdcrb4              "sdcrb_10"       s, t(mux_ff)
   sdcrn1              "sdcrn_8"        s, t(mux_ff)
   sdcrn2              "sdcrn_8"        s, t(mux_ff)
   sdcrn4              "sdcrn_8"        s, t(mux_ff)
   sdcrq1              "sdcrq_8"        s, t(mux_ff)
   sdcrq2              "sdcrq_8"        s, t(mux_ff)
   sdcrq4              "sdcrq_8"        s, t(mux_ff)
   sdnfb1              "sdnfb_8"        s, t(mux_ff)
   sdnfb2              "sdnfb_8"        s, t(mux_ff)
   sdnfb4              "sdnfb_9"        s, t(mux_ff)
   sdnrb1              "sdnrb_8"        s, t(mux_ff)
   sdnrb2              "sdnrb_9"        s, t(mux_ff)
   sdnrb4              "sdnrb_9"        s, t(mux_ff)
   sdnrn1              "sdnrn_8"        s, t(mux_ff)
   sdnrn2              "sdnrn_8"        s, t(mux_ff)
   sdnrn4              "sdnrn_8"        s, t(mux_ff)
   sdnrq1              "sdnrq_8"        s, t(mux_ff)
   sdnrq2              "sdnrq_8"        s, t(mux_ff)
   sdnrq4              "sdnrq_8"        s, t(mux_ff)
   sdpfb1              "sdpfb_8"        s, t(mux_ff)
   sdpfb2              "sdpfb_9"        s, t(mux_ff)
   sdpfb4              "sdpfb_10"       s, t(mux_ff)
   sdprb1              "sdprb_8"        s, t(mux_ff)
   sdprb2              "sdprb_9"        s, t(mux_ff)
   sdprb4              "sdprb_10"       s, t(mux_ff)
   secfq1              "secfq_10"       s, t(mux_ff)
   secfq2              "secfq_10"       s, t(mux_ff)
   secfq4              "secfq_11"       s, t(mux_ff)
   secrq1              "secrq_11"       s, t(mux_ff)
   secrq2              "secrq_11"       s, t(mux_ff)
   secrq4              "secrq_11"       s, t(mux_ff)
   senrb1              "senrb_10"       s, t(mux_ff)
   senrb2              "senrb_11"       s, t(mux_ff)
   senrb4              "senrb_12"       s, t(mux_ff)
   senrq1              "senrq_10"       s, t(mux_ff)
   senrq2              "senrq_11"       s, t(mux_ff)
   senrq4              "senrq_11"       s, t(mux_ff)
   sepfq1              "sepfq_10"       s, t(mux_ff)
   sepfq2              "sepfq_10"       s, t(mux_ff)
   sepfq4              "sepfq_11"       s, t(mux_ff)
   seprq1              "seprq_11"       s, t(mux_ff)
   seprq2              "seprq_11"       s, t(mux_ff)
   seprq4              "seprq_11"       s, t(mux_ff)
   skbrb1              "skbrb_11"       s, t(mux_ff)
   skbrb2              "skbrb_12"       s, t(mux_ff)
   skbrb4              "skbrb_13"       s, t(mux_ff)
   slbhb1              "slbhb1_10"      b, s, t(mux_ld)
   slbhb2              "slbhb2_11"      b, s, t(mux_ld)
   slbhb4              "slbhb4_13"      b, s, t(mux_ld)
   slchq1              "slchq1_8"       b, s, t(mux_ld)
   slchq2              "slchq2_9"       b, s, t(mux_ld)
   slchq4              "slchq4_10"      b, s, t(mux_ld)
   slclq1              "slclq1_8"       b, s, t(mux_ld)
   slclq2              "slclq2_9"       b, s, t(mux_ld)
   slclq4              "slclq4_10"      b, s, t(mux_ld)
   slnhb1              "slnhb1_8"       b, s, t(mux_ld)
   slnhb2              "slnhb2_8"       b, s, t(mux_ld)
   slnhb4              "slnhb4_10"      b, s, t(mux_ld)
   slnhn1              "slnhn1_8"       b, s, t(mux_ld)
   slnhn2              "slnhn2_8"       b, s, t(mux_ld)
   slnhn4              "slnhn4_9"       b, s, t(mux_ld)
   slnhq1              "slnhq1_8"       b, s, t(mux_ld)
   slnhq2              "slnhq2_8"       b, s, t(mux_ld)
   slnhq4              "slnhq4_9"       b, s, t(mux_ld)
   slnht1              "slnht1_9"       b, s, t(mux_ld)
   slnht2              "slnht2_10"      b, s, t(mux_ld)
   slnht4              "slnht4_11"      b, s, t(mux_ld)
   slnlb1              "slnlb1_8"       b, s, t(mux_ld)
   slnlb2              "slnlb2_8"       b, s, t(mux_ld)
   slnlb4              "slnlb4_10"      b, s, t(mux_ld)
   slnln1              "slnln1_8"       b, s, t(mux_ld)
   slnln2              "slnln2_8"       b, s, t(mux_ld)
   slnln4              "slnln4_9"       b, s, t(mux_ld)
   slnlq1              "slnlq1_8"       b, s, t(mux_ld)
   slnlq2              "slnlq2_8"       b, s, t(mux_ld)
   slnlq4              "slnlq4_9"       b, s, t(mux_ld)
   srlab1              "srlab_3"        s
   srlab2              "srlab_3"        s
   srlab4              "srlab_4"        s
   su01d0              "su01_5"         r, udp
   su01d1              "su01_5"         r, udp
   su01d2              "su01_6"         r, udp
   su01d4              "su01_7"         r, udp
   xn02d1              "xn02_3"         
   xn02d2              "xn02_3"         
   xn02d4              "xn02_4"         
   xn02d7              "xn02_5"         
   xn02da              "xn02_6"         
   xr02d1              "xr02_3"         
   xr02d2              "xr02_3"         
   xr02d4              "xr02_4"         
   xr02d7              "xr02_5"         
   xr02da              "xr02_6"         
   xr03d1              "xr03_4"         
   xr03d2              "xr03_5"         
   xr03d4              "xr03_6"         
   xr03d7              "xr03_7"         
   xr03da              "xr03_7"         
